0 info it worked if it ends with ok
1 verbose cli [ 'C:\\Program Files\\nodejs\\node.exe',
1 verbose cli   'C:\\Program Files\\nodejs\\node_modules\\npm\\bin\\npm-cli.js',
1 verbose cli   'install' ]
2 info using npm@2.14.7
3 info using node@v4.2.1
4 verbose readDependencies loading dependencies from D:\jsdev\fev\package.json
5 verbose install where, deps [ 'D:\\jsdev\\fev',
5 verbose install   [ '@angular/common',
5 verbose install     '@angular/compiler',
5 verbose install     '@angular/core',
5 verbose install     '@angular/forms',
5 verbose install     '@angular/http',
5 verbose install     '@angular/platform-browser',
5 verbose install     '@angular/platform-browser-dynamic',
5 verbose install     '@angular/router',
5 verbose install     '@angular/router-deprecated',
5 verbose install     '@angular/upgrade',
5 verbose install     'bootstrap',
5 verbose install     'es6-shim',
5 verbose install     'jquery',
5 verbose install     'leaflet',
5 verbose install     'ng2-bootstrap',
5 verbose install     'ng2-bs3-modal',
5 verbose install     'reflect-metadata',
5 verbose install     'rxjs',
5 verbose install     'systemjs',
5 verbose install     'wim-styles',
5 verbose install     'zone.js',
5 verbose install     'concurrently',
5 verbose install     'del',
5 verbose install     'gulp',
5 verbose install     'gulp-sourcemaps',
5 verbose install     'gulp-tslint',
5 verbose install     'gulp-typescript',
5 verbose install     'lite-server',
5 verbose install     'tslint',
5 verbose install     'typescript',
5 verbose install     'typings' ] ]
6 verbose install where, peers [ 'D:\\jsdev\\fev', [] ]
7 verbose installManyTop reading for lifecycle D:\jsdev\fev\package.json
8 info preinstall fev@0.0.0
9 verbose installManyTop reading scoped package data from D:\jsdev\fev\node_modules\angular2-template-loader\package.json
10 verbose installManyTop reading scoped package data from D:\jsdev\fev\node_modules\awesome-typescript-loader\package.json
11 verbose installManyTop reading scoped package data from D:\jsdev\fev\node_modules\bootstrap\package.json
12 verbose installManyTop reading scoped package data from D:\jsdev\fev\node_modules\clean-webpack-plugin\package.json
13 verbose installManyTop reading scoped package data from D:\jsdev\fev\node_modules\concurrently\package.json
14 verbose installManyTop reading scoped package data from D:\jsdev\fev\node_modules\copy-webpack-plugin\package.json
15 verbose installManyTop reading scoped package data from D:\jsdev\fev\node_modules\core-js\package.json
16 verbose installManyTop reading scoped package data from D:\jsdev\fev\node_modules\css-loader\package.json
17 verbose installManyTop reading scoped package data from D:\jsdev\fev\node_modules\del\package.json
18 verbose installManyTop reading scoped package data from D:\jsdev\fev\node_modules\es6-shim\package.json
19 verbose installManyTop reading scoped package data from D:\jsdev\fev\node_modules\file-loader\package.json
20 verbose installManyTop reading scoped package data from D:\jsdev\fev\node_modules\gulp\package.json
21 verbose installManyTop reading scoped package data from D:\jsdev\fev\node_modules\gulp-sourcemaps\package.json
22 verbose installManyTop reading scoped package data from D:\jsdev\fev\node_modules\gulp-tslint\package.json
23 verbose installManyTop reading scoped package data from D:\jsdev\fev\node_modules\gulp-typescript\package.json
24 verbose installManyTop reading scoped package data from D:\jsdev\fev\node_modules\jquery\package.json
25 verbose installManyTop reading scoped package data from D:\jsdev\fev\node_modules\leaflet\package.json
26 verbose installManyTop reading scoped package data from D:\jsdev\fev\node_modules\lite-server\package.json
27 verbose installManyTop reading scoped package data from D:\jsdev\fev\node_modules\mobile-angular-ui\package.json
28 verbose installManyTop reading scoped package data from D:\jsdev\fev\node_modules\ng2-bootstrap\package.json
29 verbose installManyTop reading scoped package data from D:\jsdev\fev\node_modules\ng2-bs3-modal\package.json
30 verbose installManyTop reading scoped package data from D:\jsdev\fev\node_modules\raw-loader\package.json
31 verbose installManyTop reading scoped package data from D:\jsdev\fev\node_modules\reflect-metadata\package.json
32 verbose installManyTop reading scoped package data from D:\jsdev\fev\node_modules\rxjs\package.json
33 verbose installManyTop reading scoped package data from D:\jsdev\fev\node_modules\style-loader\package.json
34 verbose installManyTop reading scoped package data from D:\jsdev\fev\node_modules\systemjs\package.json
35 verbose installManyTop reading scoped package data from D:\jsdev\fev\node_modules\to-string-loader\package.json
36 verbose installManyTop reading scoped package data from D:\jsdev\fev\node_modules\tslint\package.json
37 verbose installManyTop reading scoped package data from D:\jsdev\fev\node_modules\typescript\package.json
38 verbose installManyTop reading scoped package data from D:\jsdev\fev\node_modules\typings\package.json
39 verbose installManyTop reading scoped package data from D:\jsdev\fev\node_modules\webpack\package.json
40 verbose installManyTop reading scoped package data from D:\jsdev\fev\node_modules\webpack-dev-server\package.json
41 verbose installManyTop reading scoped package data from D:\jsdev\fev\node_modules\webpack-merge\package.json
42 verbose installManyTop reading scoped package data from D:\jsdev\fev\node_modules\wim-styles\package.json
43 verbose installManyTop reading scoped package data from D:\jsdev\fev\node_modules\zone.js\package.json
44 verbose installManyTop reading scoped package data from D:\jsdev\fev\node_modules\@angular\common\package.json
45 verbose installManyTop reading scoped package data from D:\jsdev\fev\node_modules\@angular\compiler\package.json
46 verbose installManyTop reading scoped package data from D:\jsdev\fev\node_modules\@angular\core\package.json
47 verbose installManyTop reading scoped package data from D:\jsdev\fev\node_modules\@angular\forms\package.json
48 verbose installManyTop reading scoped package data from D:\jsdev\fev\node_modules\@angular\http\package.json
49 verbose installManyTop reading scoped package data from D:\jsdev\fev\node_modules\@angular\platform-browser\package.json
50 verbose installManyTop reading scoped package data from D:\jsdev\fev\node_modules\@angular\platform-browser-dynamic\package.json
51 verbose installManyTop reading scoped package data from D:\jsdev\fev\node_modules\@angular\router\package.json
52 verbose installManyTop reading scoped package data from D:\jsdev\fev\node_modules\@angular\router-deprecated\package.json
53 verbose installManyTop reading scoped package data from D:\jsdev\fev\node_modules\@angular\upgrade\package.json
54 info package.json copy-webpack-plugin@3.0.1 No README data
55 info package.json core-js@2.4.1 No README data
56 info package.json raw-loader@0.5.1 No license field.
57 info package.json typings@1.0.5 No README data
58 info package.json @angular/common@2.0.0-rc.4 No description
59 info package.json @angular/common@2.0.0-rc.4 No README data
60 info package.json @angular/core@2.0.0-rc.4 No description
61 info package.json @angular/core@2.0.0-rc.4 No README data
62 info package.json @angular/http@2.0.0-rc.4 No description
63 info package.json @angular/http@2.0.0-rc.4 No README data
64 info package.json @angular/platform-browser@2.0.0-rc.4 No description
65 info package.json @angular/platform-browser@2.0.0-rc.4 No README data
66 info package.json @angular/compiler@2.0.0-rc.4 No description
67 info package.json @angular/compiler@2.0.0-rc.4 No README data
68 info package.json @angular/forms@0.2.0 No description
69 info package.json @angular/forms@0.2.0 No README data
70 info package.json @angular/router@3.0.0-beta.1 No description
71 info package.json @angular/router@3.0.0-beta.1 No README data
72 info package.json @angular/upgrade@2.0.0-rc.4 No description
73 info package.json @angular/upgrade@2.0.0-rc.4 No README data
74 info package.json @angular/platform-browser-dynamic@2.0.0-rc.4 No description
75 info package.json @angular/platform-browser-dynamic@2.0.0-rc.4 No README data
76 info package.json @angular/router-deprecated@2.0.0-rc.2 No description
77 info package.json clean-webpack-plugin@0.1.10 No license field.
78 info package.json leaflet@0.7.7 No license field.
79 verbose readDependencies loading dependencies from D:\jsdev\fev\package.json
80 verbose targetResolver reading package data from D:\jsdev\fev\node_modules\angular2-template-loader\package.json
81 verbose targetResolver reading package data from D:\jsdev\fev\node_modules\awesome-typescript-loader\package.json
82 verbose targetResolver reading package data from D:\jsdev\fev\node_modules\bootstrap\package.json
83 verbose targetResolver reading package data from D:\jsdev\fev\node_modules\clean-webpack-plugin\package.json
84 verbose targetResolver reading package data from D:\jsdev\fev\node_modules\concurrently\package.json
85 verbose targetResolver reading package data from D:\jsdev\fev\node_modules\copy-webpack-plugin\package.json
86 verbose targetResolver reading package data from D:\jsdev\fev\node_modules\core-js\package.json
87 verbose targetResolver reading package data from D:\jsdev\fev\node_modules\css-loader\package.json
88 verbose targetResolver reading package data from D:\jsdev\fev\node_modules\del\package.json
89 verbose targetResolver reading package data from D:\jsdev\fev\node_modules\es6-shim\package.json
90 verbose targetResolver reading package data from D:\jsdev\fev\node_modules\file-loader\package.json
91 verbose targetResolver reading package data from D:\jsdev\fev\node_modules\gulp\package.json
92 verbose targetResolver reading package data from D:\jsdev\fev\node_modules\gulp-sourcemaps\package.json
93 verbose targetResolver reading package data from D:\jsdev\fev\node_modules\gulp-tslint\package.json
94 verbose targetResolver reading package data from D:\jsdev\fev\node_modules\gulp-typescript\package.json
95 verbose targetResolver reading package data from D:\jsdev\fev\node_modules\jquery\package.json
96 verbose targetResolver reading package data from D:\jsdev\fev\node_modules\leaflet\package.json
97 verbose targetResolver reading package data from D:\jsdev\fev\node_modules\lite-server\package.json
98 verbose targetResolver reading package data from D:\jsdev\fev\node_modules\mobile-angular-ui\package.json
99 verbose targetResolver reading package data from D:\jsdev\fev\node_modules\ng2-bootstrap\package.json
100 verbose targetResolver reading package data from D:\jsdev\fev\node_modules\ng2-bs3-modal\package.json
101 verbose targetResolver reading package data from D:\jsdev\fev\node_modules\raw-loader\package.json
102 verbose targetResolver reading package data from D:\jsdev\fev\node_modules\reflect-metadata\package.json
103 verbose targetResolver reading package data from D:\jsdev\fev\node_modules\rxjs\package.json
104 verbose targetResolver reading package data from D:\jsdev\fev\node_modules\style-loader\package.json
105 verbose targetResolver reading package data from D:\jsdev\fev\node_modules\systemjs\package.json
106 verbose targetResolver reading package data from D:\jsdev\fev\node_modules\to-string-loader\package.json
107 verbose targetResolver reading package data from D:\jsdev\fev\node_modules\tslint\package.json
108 verbose targetResolver reading package data from D:\jsdev\fev\node_modules\typescript\package.json
109 verbose targetResolver reading package data from D:\jsdev\fev\node_modules\typings\package.json
110 verbose targetResolver reading package data from D:\jsdev\fev\node_modules\webpack\package.json
111 verbose targetResolver reading package data from D:\jsdev\fev\node_modules\webpack-dev-server\package.json
112 verbose targetResolver reading package data from D:\jsdev\fev\node_modules\webpack-merge\package.json
113 verbose targetResolver reading package data from D:\jsdev\fev\node_modules\wim-styles\package.json
114 verbose targetResolver reading package data from D:\jsdev\fev\node_modules\zone.js\package.json
115 verbose targetResolver reading package data from D:\jsdev\fev\node_modules\.bin\concurrent\package.json
116 verbose targetResolver reading package data from D:\jsdev\fev\node_modules\.bin\concurrent.cmd\package.json
117 verbose targetResolver reading package data from D:\jsdev\fev\node_modules\.bin\concurrently\package.json
118 verbose targetResolver reading package data from D:\jsdev\fev\node_modules\.bin\concurrently.cmd\package.json
119 verbose targetResolver reading package data from D:\jsdev\fev\node_modules\.bin\gulp\package.json
120 verbose targetResolver reading package data from D:\jsdev\fev\node_modules\.bin\gulp.cmd\package.json
121 verbose targetResolver reading package data from D:\jsdev\fev\node_modules\.bin\lite-server\package.json
122 verbose targetResolver reading package data from D:\jsdev\fev\node_modules\.bin\lite-server.cmd\package.json
123 verbose targetResolver reading package data from D:\jsdev\fev\node_modules\.bin\tsc\package.json
124 verbose targetResolver reading package data from D:\jsdev\fev\node_modules\.bin\tsc.cmd\package.json
125 verbose targetResolver reading package data from D:\jsdev\fev\node_modules\.bin\tslint\package.json
126 verbose targetResolver reading package data from D:\jsdev\fev\node_modules\.bin\tslint.cmd\package.json
127 verbose targetResolver reading package data from D:\jsdev\fev\node_modules\.bin\tsserver\package.json
128 verbose targetResolver reading package data from D:\jsdev\fev\node_modules\.bin\tsserver.cmd\package.json
129 verbose targetResolver reading package data from D:\jsdev\fev\node_modules\.bin\typings\package.json
130 verbose targetResolver reading package data from D:\jsdev\fev\node_modules\.bin\typings.cmd\package.json
131 verbose targetResolver reading package data from D:\jsdev\fev\node_modules\.bin\webpack\package.json
132 verbose targetResolver reading package data from D:\jsdev\fev\node_modules\.bin\webpack-dev-server\package.json
133 verbose targetResolver reading package data from D:\jsdev\fev\node_modules\.bin\webpack-dev-server.cmd\package.json
134 verbose targetResolver reading package data from D:\jsdev\fev\node_modules\.bin\webpack.cmd\package.json
135 verbose targetResolver reading package data from D:\jsdev\fev\node_modules\@angular\common\package.json
136 verbose targetResolver reading package data from D:\jsdev\fev\node_modules\@angular\compiler\package.json
137 verbose targetResolver reading package data from D:\jsdev\fev\node_modules\@angular\core\package.json
138 verbose targetResolver reading package data from D:\jsdev\fev\node_modules\@angular\forms\package.json
139 verbose targetResolver reading package data from D:\jsdev\fev\node_modules\@angular\http\package.json
140 verbose targetResolver reading package data from D:\jsdev\fev\node_modules\@angular\platform-browser\package.json
141 verbose targetResolver reading package data from D:\jsdev\fev\node_modules\@angular\platform-browser-dynamic\package.json
142 verbose targetResolver reading package data from D:\jsdev\fev\node_modules\@angular\router\package.json
143 verbose targetResolver reading package data from D:\jsdev\fev\node_modules\@angular\router-deprecated\package.json
144 verbose targetResolver reading package data from D:\jsdev\fev\node_modules\@angular\upgrade\package.json
145 verbose already installed skipping @angular/upgrade@2.0.0-rc.4 D:\jsdev\fev
146 verbose already installed skipping bootstrap@^3.3.6 D:\jsdev\fev
147 verbose already installed skipping es6-shim@^0.35.0 D:\jsdev\fev
148 verbose already installed skipping jquery@^2.2.4 D:\jsdev\fev
149 verbose already installed skipping leaflet@0.7.7 D:\jsdev\fev
150 verbose already installed skipping ng2-bootstrap@^1.0.17 D:\jsdev\fev
151 verbose already installed skipping ng2-bs3-modal@^0.6.1 D:\jsdev\fev
152 verbose already installed skipping reflect-metadata@^0.1.3 D:\jsdev\fev
153 verbose already installed skipping rxjs@5.0.0-beta.6 D:\jsdev\fev
154 verbose already installed skipping systemjs@0.19.27 D:\jsdev\fev
155 silly cache add args [ 'wim-styles@git://github.com/USGS-WiM/wim-styles.git', null ]
156 verbose cache add spec wim-styles@git://github.com/USGS-WiM/wim-styles.git
157 verbose already installed skipping zone.js@^0.6.12 D:\jsdev\fev
158 verbose already installed skipping concurrently@^2.0.0 D:\jsdev\fev
159 verbose already installed skipping del@^2.2.0 D:\jsdev\fev
160 verbose already installed skipping gulp@^3.9.1 D:\jsdev\fev
161 silly cache add parsed spec Result {
161 silly cache add   raw: 'wim-styles@git://github.com/USGS-WiM/wim-styles.git',
161 silly cache add   scope: null,
161 silly cache add   name: 'wim-styles',
161 silly cache add   rawSpec: 'git://github.com/USGS-WiM/wim-styles.git',
161 silly cache add   spec: 'git://github.com/USGS-WiM/wim-styles.git',
161 silly cache add   type: 'hosted',
161 silly cache add   hosted:
161 silly cache add    { type: 'github',
161 silly cache add      ssh: 'git@github.com:USGS-WiM/wim-styles.git',
161 silly cache add      sshUrl: 'git+ssh://git@github.com/USGS-WiM/wim-styles.git',
161 silly cache add      httpsUrl: 'git+https://github.com/USGS-WiM/wim-styles.git',
161 silly cache add      gitUrl: 'git://github.com/USGS-WiM/wim-styles.git',
161 silly cache add      shortcut: 'github:USGS-WiM/wim-styles',
161 silly cache add      directUrl: 'https://raw.githubusercontent.com/USGS-WiM/wim-styles/master/package.json' } }
162 verbose addRemoteGit caching git://github.com/USGS-WiM/wim-styles.git
163 verbose addRemoteGit git://github.com/USGS-WiM/wim-styles.git is a repository hosted by github
164 silly tryClone cloning git://github.com/USGS-WiM/wim-styles.git via git://github.com/USGS-WiM/wim-styles.git
165 verbose tryClone git-github-com-USGS-WiM-wim-styles-git-b9758fb7 not in flight; caching
166 verbose already installed skipping gulp-sourcemaps@^1.6.0 D:\jsdev\fev
167 verbose already installed skipping gulp-tslint@^4.3.3 D:\jsdev\fev
168 verbose already installed skipping gulp-typescript@^2.12.0 D:\jsdev\fev
169 info git [ 'config', '--get', 'remote.origin.url' ]
170 verbose already installed skipping lite-server@^2.2.0 D:\jsdev\fev
171 verbose already installed skipping tslint@^3.5.0 D:\jsdev\fev
172 verbose already installed skipping typescript@^1.8.10 D:\jsdev\fev
173 verbose already installed skipping typings@^1.0.4 D:\jsdev\fev
174 verbose already installed skipping @angular/common@2.0.0-rc.4 D:\jsdev\fev
175 verbose already installed skipping @angular/compiler@2.0.0-rc.4 D:\jsdev\fev
176 verbose already installed skipping @angular/core@2.0.0-rc.4 D:\jsdev\fev
177 verbose already installed skipping @angular/forms@0.2.0 D:\jsdev\fev
178 verbose already installed skipping @angular/http@2.0.0-rc.4 D:\jsdev\fev
179 verbose already installed skipping @angular/platform-browser@2.0.0-rc.4 D:\jsdev\fev
180 verbose already installed skipping @angular/platform-browser-dynamic@2.0.0-rc.4 D:\jsdev\fev
181 verbose already installed skipping @angular/router@3.0.0-beta.1 D:\jsdev\fev
182 verbose already installed skipping @angular/router-deprecated@2.0.0-rc.2 D:\jsdev\fev
183 silly validateExistingRemote git://github.com/USGS-WiM/wim-styles.git remote.origin.url: git://github.com/USGS-WiM/wim-styles.git
184 verbose validateExistingRemote git://github.com/USGS-WiM/wim-styles.git is updating existing cached remote C:\Users\bdraper\AppData\Roaming\npm-cache\_git-remotes\git-github-com-USGS-WiM-wim-styles-git-b9758fb7
185 info git [ 'fetch', '-a', 'origin' ]
186 verbose updateRemote git fetch -a origin (git://github.com/USGS-WiM/wim-styles.git)
187 verbose setPermissions git://github.com/USGS-WiM/wim-styles.git skipping chownr on Windows
188 verbose resolveHead git://github.com/USGS-WiM/wim-styles.git original treeish: master
189 info git [ 'rev-list', '-n1', 'master' ]
190 silly resolveHead git://github.com/USGS-WiM/wim-styles.git resolved treeish: f6cdb3c6249bb6a85fba92e9458dc508de0ff58b
191 verbose resolveHead git://github.com/USGS-WiM/wim-styles.git resolved Git URL: git://github.com/USGS-WiM/wim-styles.git#f6cdb3c6249bb6a85fba92e9458dc508de0ff58b
192 silly resolveHead Git working directory: C:\Users\bdraper\AppData\Local\Temp\1\npm-10260-1739b3f0\git-cache-20042c145cfe\f6cdb3c6249bb6a85fba92e9458dc508de0ff58b
193 info git [ 'clone',
193 info git   'C:\\Users\\bdraper\\AppData\\Roaming\\npm-cache\\_git-remotes\\git-github-com-USGS-WiM-wim-styles-git-b9758fb7',
193 info git   'C:\\Users\\bdraper\\AppData\\Local\\Temp\\1\\npm-10260-1739b3f0\\git-cache-20042c145cfe\\f6cdb3c6249bb6a85fba92e9458dc508de0ff58b' ]
194 verbose cloneResolved git://github.com/USGS-WiM/wim-styles.git clone Cloning into 'C:\Users\bdraper\AppData\Local\Temp\1\npm-10260-1739b3f0\git-cache-20042c145cfe\f6cdb3c6249bb6a85fba92e9458dc508de0ff58b'...
194 verbose cloneResolved done.
195 info git [ 'checkout', 'f6cdb3c6249bb6a85fba92e9458dc508de0ff58b' ]
196 verbose checkoutTreeish git://github.com/USGS-WiM/wim-styles.git checkout Note: checking out 'f6cdb3c6249bb6a85fba92e9458dc508de0ff58b'.
196 verbose checkoutTreeish
196 verbose checkoutTreeish You are in 'detached HEAD' state. You can look around, make experimental
196 verbose checkoutTreeish changes and commit them, and you can discard any commits you make in this
196 verbose checkoutTreeish state without impacting any branches by performing another checkout.
196 verbose checkoutTreeish
196 verbose checkoutTreeish If you want to create a new branch to retain commits you create, you may
196 verbose checkoutTreeish do so (now or later) by using -b with the checkout command again. Example:
196 verbose checkoutTreeish
196 verbose checkoutTreeish   git checkout -b <new-branch-name>
196 verbose checkoutTreeish
196 verbose checkoutTreeish HEAD is now at f6cdb3c... Merge pull request #6 from njestes/master
197 verbose addLocalDirectory C:\Users\bdraper\AppData\Roaming\npm-cache\wim-styles\0.0.1\package.tgz not in flight; packing
198 verbose tar pack [ 'C:\\Users\\bdraper\\AppData\\Roaming\\npm-cache\\wim-styles\\0.0.1\\package.tgz',
198 verbose tar pack   'C:\\Users\\bdraper\\AppData\\Local\\Temp\\1\\npm-10260-1739b3f0\\git-cache-20042c145cfe\\f6cdb3c6249bb6a85fba92e9458dc508de0ff58b' ]
199 verbose tarball C:\Users\bdraper\AppData\Roaming\npm-cache\wim-styles\0.0.1\package.tgz
200 verbose folder C:\Users\bdraper\AppData\Local\Temp\1\npm-10260-1739b3f0\git-cache-20042c145cfe\f6cdb3c6249bb6a85fba92e9458dc508de0ff58b
201 verbose addLocalTarball adding from inside cache C:\Users\bdraper\AppData\Roaming\npm-cache\wim-styles\0.0.1\package.tgz
202 verbose addRemoteGit data._from: git://github.com/USGS-WiM/wim-styles.git
203 verbose addRemoteGit data._resolved: git://github.com/USGS-WiM/wim-styles.git#f6cdb3c6249bb6a85fba92e9458dc508de0ff58b
204 silly cache afterAdd wim-styles@0.0.1
205 verbose afterAdd C:\Users\bdraper\AppData\Roaming\npm-cache\wim-styles\0.0.1\package\package.json not in flight; writing
206 verbose afterAdd C:\Users\bdraper\AppData\Roaming\npm-cache\wim-styles\0.0.1\package\package.json written
207 silly install resolved [ { name: 'wim-styles',
207 silly install resolved     version: '0.0.1',
207 silly install resolved     homepage: 'https://github.com/USGS-WiM/wim-styles',
207 silly install resolved     repository:
207 silly install resolved      { type: 'git',
207 silly install resolved        url: 'git+ssh://git@github.com/USGS-WiM/wim-styles.git' },
207 silly install resolved     authors: [],
207 silly install resolved     description: 'wim-styles is styling for wim',
207 silly install resolved     license: 'MIT',
207 silly install resolved     devDependencies:
207 silly install resolved      { gulp: '^3.6.2',
207 silly install resolved        'gulp-git': '^1.2.1',
207 silly install resolved        'gulp-bump': '^0.3.0',
207 silly install resolved        del: '^1.1.1',
207 silly install resolved        semver: '^4.3.3',
207 silly install resolved        'gulp-less': '^3.0.5' },
207 silly install resolved     gitHead: 'f6cdb3c6249bb6a85fba92e9458dc508de0ff58b',
207 silly install resolved     readme: '#**wim-styles**\r\n\r\nStyling for WiM applications\r\n\r\n####/core:  core styling, based on WiM Styleguide\r\n\r\n####/template:  styling for generator-wim generated mapping apps\r\n\r\n##Core WiM styles\r\n\r\n### Adding as managed bower package to a project\r\n\r\n##### Step 1.\r\nAdd wim-styles to the dependencies list in the project\'s bower.json:\r\n```\r\n"dependencies": {\r\n\t  "wim-styles": "USGS-WiM/wim-styles"\r\n  }\r\n```\r\n\r\n#####Step 2.\r\nTell bower to get the package from github and place it in your bower_components folder\r\n```bash\r\nbower install\r\n```\r\nThis will install all packages in your bower.json dependencies list. Alternatively you can specify\r\n```bash\r\nbower install wim-styles\r\n```\r\nto install only that package\r\n\r\n#####Step 3.\r\nAdd the stylesheet reference to the index.html:\r\n```html\r\n <link rel="stylesheet" href="bower_components/wim-styles/core/css/wim.css">\r\n```\r\n\r\n#####Step 4(optional).\r\nSpecify version in your dependencies list.  Version is important for ensuring the app does not break. Below will specify v0.0.12:\r\n\r\n```\r\n"dependencies": {\r\n\t  "wim-mapper-styles": "USGS-WiM/wim-styles#0.0.12"\r\n  }\r\n```\r\n\r\nIf no version is specified, bower will retrieve the latest release (which may not be the latest commit).\r\n\r\n\r\n###Updating core styles\r\n\r\n####This is the workflow for updating the core styles, which would apply changes to all applications importing wim-styles via bower, per the version specified.\r\n\r\nAfter making style changes to the less files, less must be compiled, and version must be bumped up.\r\n\r\n### To compile wim.css\r\n\r\n#### Install required software\r\n```\r\nnpm install -g less\r\n```\r\n\r\n#### 1.  Get project dependencies\r\n```\r\nnpm install\r\n```\r\n\r\n#### 2.  Compile CSS\r\n```\r\ncd core/less\r\nlessc wim.less ../css/wim.css\r\n```\r\n\r\n------\r\n\r\n\r\n##Template styles\r\n\r\n### Adding as managed bower package to map application made with [generator-wim](https://github.com/USGS-WiM/generator-wim)\r\n\r\n##### Step 1.\r\nAdd wim-styles to the dependencies list in the project\'s bower.json:\r\n```\r\n"dependencies": {\r\n\t  "wim-styles": "USGS-WiM/wim-styles"\r\n  }\r\n```\r\n\r\n#####Step 2.\r\nTell bower to get the package from github and place it in your bower_components folder\r\n```bash\r\nbower install\r\n```\r\nThis will install all packages in your bower.json dependencies list. Alternatively you can specify\r\n```bash\r\nbower install wim-styles\r\n```\r\nto install only that package\r\n\r\n#####Step 3.\r\nAdd the stylesheet reference to the index.html:\r\n```html\r\n <link rel="stylesheet" href="bower_components/wim-styles/template/css/base.css">\r\n```\r\n**Note:** Be sure to place base.css *after* main.css, as it overwrite some classes from main.\r\n\r\n#####Step 4(optional).\r\nSpecify version in your dependencies list.  Version is important for ensuring the app does not break. Below will specify v0.0.12:\r\n\r\n```\r\n"dependencies": {\r\n\t  "wim-mapper-styles": "USGS-WiM/wim-styles#0.0.12"\r\n  }\r\n```\r\n\r\nIf no version is specified, bower will retrieve the latest release (which may not be the latest commit).\r\n\r\nOther ways to specify version:\r\n\r\n> semver version:    #1.2.3\r\n>\r\n> version range:    #1.2\r\n>\r\n> \\#~1.2.3\r\n>\r\n> \\#^1.2.3\r\n>\r\n> \\#>=1.2.3 <2.0\r\n>\r\n> Git tag:     #[tag]\r\n>\r\n> Git commit SHA:     #[sha]\r\n>\r\n> Git branch:     #[branch]\r\n>\r\n> Subversion revision:     #[revision]\r\n\r\n\r\n\r\n----------\r\n\r\n\r\n###Updating template styles\r\n\r\n####This is the workflow for updating the  template styles, which would apply changes to all applications importing wim-styles via bower, per the version specified.\r\n\r\nAfter making style changes to the less files, less must be compiled, and version must be bumped up.\r\n\r\n### To compile base.css\r\n\r\n#### Install required software\r\n```\r\nnpm install -g less\r\n```\r\n\r\n#### 1.  Get project dependencies\r\n```\r\nnpm install\r\n```\r\n\r\n#### 2.  Compile CSS\r\n```\r\ncd template/less\r\nlessc base.less ../css/base.css\r\n```\r\n\r\n------\r\n\r\n## Building a release\r\nFollow the steps below to create a new release version tag when significant styles changes have been made. Use `feature` or `release` when applying a breaking change.\r\n\r\n\r\n##### Step 1.\r\nBump the version.  Run only one of the below commands.\r\nThis creates a local commit with the package.json, bower.json and tsd.json updated to the new version number\r\n\r\n```\r\ngulp patch     # makes v0.1.0 → v0.1.1\r\ngulp feature   # makes v0.1.1 → v0.2.0\r\ngulp release   # makes v0.2.1 → v1.0.0\r\n```\r\n\r\n##### Step 2.\r\nPush the commit that contains the json files with bumped versions to your personal github repo\r\n\r\n```\r\ngit push origin master\r\n```\r\n\r\n##### Step 3.\r\nCreate and merge pull request with version incremented via github.com\r\n\r\n##### Step 4.\r\nGet latest version from upstream (all this should be is a commit for the pull request in Step 3.)\r\n\r\n```\r\ngit pull upstream master\r\n```\r\n\r\n##### Step 5.\r\nPush the commit with the release tags up to the upstream (WiM) repository.\r\n\r\n```\r\ngit push upstream master --tags\r\n```\r\n\r\n\r\n----------\r\n\r\n\r\n> Written with [StackEdit](https://stackedit.io/).\r\n',
207 silly install resolved     readmeFilename: 'README.md',
207 silly install resolved     bugs: { url: 'https://github.com/USGS-WiM/wim-styles/issues' },
207 silly install resolved     _id: 'wim-styles@0.0.1',
207 silly install resolved     _shasum: '2fb13a3844a71124e70af4a049e9bc88eb541644',
207 silly install resolved     _from: 'git://github.com/USGS-WiM/wim-styles.git',
207 silly install resolved     _resolved: 'git://github.com/USGS-WiM/wim-styles.git#f6cdb3c6249bb6a85fba92e9458dc508de0ff58b' } ]
208 info install wim-styles@0.0.1 into D:\jsdev\fev
209 info installOne wim-styles@0.0.1
210 verbose installOne of wim-styles to D:\jsdev\fev not in flight; installing
211 verbose lock using C:\Users\bdraper\AppData\Roaming\npm-cache\_locks\wim-styles-596970dd7bfd6602.lock for D:\jsdev\fev\node_modules\wim-styles
212 silly install write writing wim-styles 0.0.1 to D:\jsdev\fev\node_modules\wim-styles
213 verbose unbuild node_modules\wim-styles
214 info preuninstall wim-styles@0.0.1
215 info uninstall wim-styles@0.0.1
216 verbose unbuild rmStuff wim-styles@0.0.1 from D:\jsdev\fev\node_modules
217 info postuninstall wim-styles@0.0.1
218 silly gentlyRm D:\jsdev\fev\node_modules\wim-styles is being purged from base D:\jsdev\fev
219 verbose gentlyRm don't care about contents; nuking D:\jsdev\fev\node_modules\wim-styles
220 silly vacuum-fs purging D:\jsdev\fev\node_modules\wim-styles
221 silly vacuum-fs quitting because other entries in D:\jsdev\fev\node_modules
222 verbose tar unpack C:\Users\bdraper\AppData\Roaming\npm-cache\wim-styles\0.0.1\package.tgz
223 verbose tar unpacking to D:\jsdev\fev\node_modules\wim-styles
224 silly gentlyRm D:\jsdev\fev\node_modules\wim-styles is being purged
225 verbose gentlyRm don't care about contents; nuking D:\jsdev\fev\node_modules\wim-styles
226 silly gunzTarPerm modes [ '777', '666' ]
227 silly gunzTarPerm extractEntry package.json
228 silly gunzTarPerm extractEntry .npmignore
229 silly gunzTarPerm extractEntry README.md
230 silly gunzTarPerm extractEntry gulpfile.js
231 silly gunzTarPerm extractEntry bower.json
232 silly gunzTarPerm extractEntry core/css/input.css
233 silly gunzTarPerm extractEntry core/css/structure.css
234 silly gunzTarPerm extractEntry core/css/styleguide-specific.css
235 silly gunzTarPerm extractEntry core/css/typography.css
236 silly gunzTarPerm extractEntry core/css/wim.css
237 silly gunzTarPerm extractEntry core/less/input.less
238 silly gunzTarPerm extractEntry core/less/structure.less
239 silly gunzTarPerm extractEntry core/less/styleguide-specific.less
240 silly gunzTarPerm extractEntry core/less/typography.less
241 silly gunzTarPerm extractEntry core/less/variables.less
242 silly gunzTarPerm extractEntry core/less/wim.less
243 silly gunzTarPerm extractEntry template/css/base.css
244 silly gunzTarPerm extractEntry template/less/base.less
245 silly gunzTarPerm extractEntry template/less/main-nav.less
246 silly gunzTarPerm extractEntry template/less/map-elements.less
247 silly gunzTarPerm extractEntry template/less/sidebar.less
248 silly gunzTarPerm extractEntry template/less/typography.less
249 silly gunzTarPerm extractEntry template/less/variables.less
250 verbose write writing to D:\jsdev\fev\node_modules\wim-styles\package.json
251 info preinstall wim-styles@0.0.1
252 verbose readDependencies loading dependencies from D:\jsdev\fev\node_modules\wim-styles\package.json
253 verbose readDependencies loading dependencies from D:\jsdev\fev\node_modules\wim-styles\package.json
254 silly install resolved []
255 verbose about to build D:\jsdev\fev\node_modules\wim-styles
256 info build D:\jsdev\fev\node_modules\wim-styles
257 info linkStuff wim-styles@0.0.1
258 silly linkStuff wim-styles@0.0.1 has D:\jsdev\fev\node_modules as its parent node_modules
259 verbose linkBins wim-styles@0.0.1
260 verbose linkMans wim-styles@0.0.1
261 verbose rebuildBundles wim-styles@0.0.1
262 info install wim-styles@0.0.1
263 info postinstall wim-styles@0.0.1
264 verbose unlock done using C:\Users\bdraper\AppData\Roaming\npm-cache\_locks\wim-styles-596970dd7bfd6602.lock for D:\jsdev\fev\node_modules\wim-styles
265 info build D:\jsdev\fev
266 info linkStuff fev@0.0.0
267 silly linkStuff fev@0.0.0 has D:\jsdev as its parent node_modules
268 verbose linkBins fev@0.0.0
269 verbose linkMans fev@0.0.0
270 verbose rebuildBundles fev@0.0.0
271 verbose rebuildBundles [ '.bin',
271 verbose rebuildBundles   '@angular',
271 verbose rebuildBundles   'angular2-template-loader',
271 verbose rebuildBundles   'awesome-typescript-loader',
271 verbose rebuildBundles   'bootstrap',
271 verbose rebuildBundles   'clean-webpack-plugin',
271 verbose rebuildBundles   'concurrently',
271 verbose rebuildBundles   'copy-webpack-plugin',
271 verbose rebuildBundles   'core-js',
271 verbose rebuildBundles   'css-loader',
271 verbose rebuildBundles   'del',
271 verbose rebuildBundles   'es6-shim',
271 verbose rebuildBundles   'file-loader',
271 verbose rebuildBundles   'gulp',
271 verbose rebuildBundles   'gulp-sourcemaps',
271 verbose rebuildBundles   'gulp-tslint',
271 verbose rebuildBundles   'gulp-typescript',
271 verbose rebuildBundles   'jquery',
271 verbose rebuildBundles   'leaflet',
271 verbose rebuildBundles   'lite-server',
271 verbose rebuildBundles   'mobile-angular-ui',
271 verbose rebuildBundles   'ng2-bootstrap',
271 verbose rebuildBundles   'ng2-bs3-modal',
271 verbose rebuildBundles   'raw-loader',
271 verbose rebuildBundles   'reflect-metadata',
271 verbose rebuildBundles   'rxjs',
271 verbose rebuildBundles   'style-loader',
271 verbose rebuildBundles   'systemjs',
271 verbose rebuildBundles   'to-string-loader',
271 verbose rebuildBundles   'tslint',
271 verbose rebuildBundles   'typescript',
271 verbose rebuildBundles   'typings',
271 verbose rebuildBundles   'webpack',
271 verbose rebuildBundles   'webpack-dev-server',
271 verbose rebuildBundles   'webpack-merge',
271 verbose rebuildBundles   'wim-styles',
271 verbose rebuildBundles   'zone.js' ]
272 verbose rebuild bundle D:\jsdev\fev\node_modules\angular2-template-loader
273 info build D:\jsdev\fev\node_modules\angular2-template-loader
274 info preinstall angular2-template-loader@0.4.0
275 info linkStuff angular2-template-loader@0.4.0
276 silly linkStuff angular2-template-loader@0.4.0 has D:\jsdev\fev\node_modules as its parent node_modules
277 verbose linkBins angular2-template-loader@0.4.0
278 verbose linkMans angular2-template-loader@0.4.0
279 verbose rebuildBundles angular2-template-loader@0.4.0
280 verbose rebuildBundles [ 'loader-utils' ]
281 info install angular2-template-loader@0.4.0
282 info postinstall angular2-template-loader@0.4.0
283 verbose rebuild bundle D:\jsdev\fev\node_modules\awesome-typescript-loader
284 info build D:\jsdev\fev\node_modules\awesome-typescript-loader
285 info preinstall awesome-typescript-loader@1.1.1
286 info linkStuff awesome-typescript-loader@1.1.1
287 silly linkStuff awesome-typescript-loader@1.1.1 has D:\jsdev\fev\node_modules as its parent node_modules
288 verbose linkBins awesome-typescript-loader@1.1.1
289 verbose linkMans awesome-typescript-loader@1.1.1
290 verbose rebuildBundles awesome-typescript-loader@1.1.1
291 verbose rebuildBundles [ '.bin',
291 verbose rebuildBundles   'babel-polyfill',
291 verbose rebuildBundles   'colors',
291 verbose rebuildBundles   'enhanced-resolve',
291 verbose rebuildBundles   'es6-promisify',
291 verbose rebuildBundles   'loader-utils',
291 verbose rebuildBundles   'lodash',
291 verbose rebuildBundles   'object-assign',
291 verbose rebuildBundles   'parse-json',
291 verbose rebuildBundles   'source-map-support',
291 verbose rebuildBundles   'strip-bom',
291 verbose rebuildBundles   'strip-json-comments',
291 verbose rebuildBundles   'tsconfig' ]
292 info install awesome-typescript-loader@1.1.1
293 info postinstall awesome-typescript-loader@1.1.1
294 verbose rebuild bundle D:\jsdev\fev\node_modules\clean-webpack-plugin
295 info build D:\jsdev\fev\node_modules\clean-webpack-plugin
296 info preinstall clean-webpack-plugin@0.1.10
297 info linkStuff clean-webpack-plugin@0.1.10
298 silly linkStuff clean-webpack-plugin@0.1.10 has D:\jsdev\fev\node_modules as its parent node_modules
299 verbose linkBins clean-webpack-plugin@0.1.10
300 verbose linkMans clean-webpack-plugin@0.1.10
301 verbose rebuildBundles clean-webpack-plugin@0.1.10
302 verbose rebuildBundles [ '.bin', 'rimraf' ]
303 info install clean-webpack-plugin@0.1.10
304 info postinstall clean-webpack-plugin@0.1.10
305 verbose rebuild bundle D:\jsdev\fev\node_modules\copy-webpack-plugin
306 info build D:\jsdev\fev\node_modules\copy-webpack-plugin
307 info preinstall copy-webpack-plugin@3.0.1
308 info linkStuff copy-webpack-plugin@3.0.1
309 silly linkStuff copy-webpack-plugin@3.0.1 has D:\jsdev\fev\node_modules as its parent node_modules
310 verbose linkBins copy-webpack-plugin@3.0.1
311 verbose linkMans copy-webpack-plugin@3.0.1
312 verbose rebuildBundles copy-webpack-plugin@3.0.1
313 verbose rebuildBundles [ 'bluebird',
313 verbose rebuildBundles   'fs-extra',
313 verbose rebuildBundles   'glob',
313 verbose rebuildBundles   'lodash',
313 verbose rebuildBundles   'minimatch',
313 verbose rebuildBundles   'node-dir' ]
314 info install copy-webpack-plugin@3.0.1
315 info postinstall copy-webpack-plugin@3.0.1
316 verbose rebuild bundle D:\jsdev\fev\node_modules\core-js
317 info build D:\jsdev\fev\node_modules\core-js
318 info preinstall core-js@2.4.1
319 info linkStuff core-js@2.4.1
320 silly linkStuff core-js@2.4.1 has D:\jsdev\fev\node_modules as its parent node_modules
321 verbose linkBins core-js@2.4.1
322 verbose linkMans core-js@2.4.1
323 verbose rebuildBundles core-js@2.4.1
324 info install core-js@2.4.1
325 info postinstall core-js@2.4.1
326 verbose rebuild bundle D:\jsdev\fev\node_modules\css-loader
327 info build D:\jsdev\fev\node_modules\css-loader
328 info preinstall css-loader@0.23.1
329 info linkStuff css-loader@0.23.1
330 silly linkStuff css-loader@0.23.1 has D:\jsdev\fev\node_modules as its parent node_modules
331 verbose linkBins css-loader@0.23.1
332 verbose linkMans css-loader@0.23.1
333 verbose rebuildBundles css-loader@0.23.1
334 verbose rebuildBundles [ 'css-selector-tokenizer',
334 verbose rebuildBundles   'cssnano',
334 verbose rebuildBundles   'loader-utils',
334 verbose rebuildBundles   'lodash.camelcase',
334 verbose rebuildBundles   'object-assign',
334 verbose rebuildBundles   'postcss',
334 verbose rebuildBundles   'postcss-modules-extract-imports',
334 verbose rebuildBundles   'postcss-modules-local-by-default',
334 verbose rebuildBundles   'postcss-modules-scope',
334 verbose rebuildBundles   'postcss-modules-values',
334 verbose rebuildBundles   'source-list-map' ]
335 info install css-loader@0.23.1
336 info postinstall css-loader@0.23.1
337 verbose rebuild bundle D:\jsdev\fev\node_modules\file-loader
338 info build D:\jsdev\fev\node_modules\file-loader
339 info preinstall file-loader@0.9.0
340 info linkStuff file-loader@0.9.0
341 silly linkStuff file-loader@0.9.0 has D:\jsdev\fev\node_modules as its parent node_modules
342 verbose linkBins file-loader@0.9.0
343 verbose linkMans file-loader@0.9.0
344 verbose rebuildBundles file-loader@0.9.0
345 verbose rebuildBundles [ 'loader-utils' ]
346 info install file-loader@0.9.0
347 info postinstall file-loader@0.9.0
348 verbose rebuild bundle D:\jsdev\fev\node_modules\mobile-angular-ui
349 info build D:\jsdev\fev\node_modules\mobile-angular-ui
350 info preinstall mobile-angular-ui@1.2.1
351 info linkStuff mobile-angular-ui@1.2.1
352 silly linkStuff mobile-angular-ui@1.2.1 has D:\jsdev\fev\node_modules as its parent node_modules
353 verbose linkBins mobile-angular-ui@1.2.1
354 verbose linkMans mobile-angular-ui@1.2.1
355 verbose rebuildBundles mobile-angular-ui@1.2.1
356 info install mobile-angular-ui@1.2.1
357 info postinstall mobile-angular-ui@1.2.1
358 verbose rebuild bundle D:\jsdev\fev\node_modules\raw-loader
359 info build D:\jsdev\fev\node_modules\raw-loader
360 info preinstall raw-loader@0.5.1
361 info linkStuff raw-loader@0.5.1
362 silly linkStuff raw-loader@0.5.1 has D:\jsdev\fev\node_modules as its parent node_modules
363 verbose linkBins raw-loader@0.5.1
364 verbose linkMans raw-loader@0.5.1
365 verbose rebuildBundles raw-loader@0.5.1
366 info install raw-loader@0.5.1
367 info postinstall raw-loader@0.5.1
368 verbose rebuild bundle D:\jsdev\fev\node_modules\style-loader
369 info build D:\jsdev\fev\node_modules\style-loader
370 info preinstall style-loader@0.13.1
371 info linkStuff style-loader@0.13.1
372 silly linkStuff style-loader@0.13.1 has D:\jsdev\fev\node_modules as its parent node_modules
373 verbose linkBins style-loader@0.13.1
374 verbose linkMans style-loader@0.13.1
375 verbose rebuildBundles style-loader@0.13.1
376 verbose rebuildBundles [ 'loader-utils' ]
377 info install style-loader@0.13.1
378 info postinstall style-loader@0.13.1
379 verbose rebuild bundle D:\jsdev\fev\node_modules\to-string-loader
380 info build D:\jsdev\fev\node_modules\to-string-loader
381 info preinstall to-string-loader@1.1.4
382 info linkStuff to-string-loader@1.1.4
383 silly linkStuff to-string-loader@1.1.4 has D:\jsdev\fev\node_modules as its parent node_modules
384 verbose linkBins to-string-loader@1.1.4
385 verbose linkMans to-string-loader@1.1.4
386 verbose rebuildBundles to-string-loader@1.1.4
387 info install to-string-loader@1.1.4
388 info postinstall to-string-loader@1.1.4
389 verbose rebuild bundle D:\jsdev\fev\node_modules\webpack
390 info build D:\jsdev\fev\node_modules\webpack
391 info preinstall webpack@1.13.1
392 info linkStuff webpack@1.13.1
393 silly linkStuff webpack@1.13.1 has D:\jsdev\fev\node_modules as its parent node_modules
394 verbose linkBins webpack@1.13.1
395 verbose link bins [ { webpack: './bin/webpack.js' },
395 verbose link bins   'D:\\jsdev\\fev\\node_modules\\.bin',
395 verbose link bins   false ]
396 verbose linkMans webpack@1.13.1
397 verbose rebuildBundles webpack@1.13.1
398 verbose rebuildBundles [ '.bin',
398 verbose rebuildBundles   'acorn',
398 verbose rebuildBundles   'async',
398 verbose rebuildBundles   'clone',
398 verbose rebuildBundles   'enhanced-resolve',
398 verbose rebuildBundles   'interpret',
398 verbose rebuildBundles   'loader-utils',
398 verbose rebuildBundles   'memory-fs',
398 verbose rebuildBundles   'mkdirp',
398 verbose rebuildBundles   'node-libs-browser',
398 verbose rebuildBundles   'optimist',
398 verbose rebuildBundles   'supports-color',
398 verbose rebuildBundles   'tapable',
398 verbose rebuildBundles   'uglify-js',
398 verbose rebuildBundles   'watchpack',
398 verbose rebuildBundles   'webpack-core' ]
399 info install webpack@1.13.1
400 info postinstall webpack@1.13.1
401 verbose rebuild bundle D:\jsdev\fev\node_modules\webpack-dev-server
402 info build D:\jsdev\fev\node_modules\webpack-dev-server
403 info preinstall webpack-dev-server@1.14.1
404 info linkStuff webpack-dev-server@1.14.1
405 silly linkStuff webpack-dev-server@1.14.1 has D:\jsdev\fev\node_modules as its parent node_modules
406 verbose linkBins webpack-dev-server@1.14.1
407 verbose link bins [ { 'webpack-dev-server': 'bin/webpack-dev-server.js' },
407 verbose link bins   'D:\\jsdev\\fev\\node_modules\\.bin',
407 verbose link bins   false ]
408 verbose linkMans webpack-dev-server@1.14.1
409 verbose rebuildBundles webpack-dev-server@1.14.1
410 verbose rebuildBundles [ 'compression',
410 verbose rebuildBundles   'connect-history-api-fallback',
410 verbose rebuildBundles   'express',
410 verbose rebuildBundles   'http-proxy',
410 verbose rebuildBundles   'optimist',
410 verbose rebuildBundles   'serve-index',
410 verbose rebuildBundles   'sockjs',
410 verbose rebuildBundles   'sockjs-client',
410 verbose rebuildBundles   'stream-cache',
410 verbose rebuildBundles   'strip-ansi',
410 verbose rebuildBundles   'supports-color',
410 verbose rebuildBundles   'webpack-dev-middleware' ]
411 info install webpack-dev-server@1.14.1
412 info postinstall webpack-dev-server@1.14.1
413 verbose rebuild bundle D:\jsdev\fev\node_modules\webpack-merge
414 info build D:\jsdev\fev\node_modules\webpack-merge
415 info preinstall webpack-merge@0.8.4
416 info linkStuff webpack-merge@0.8.4
417 silly linkStuff webpack-merge@0.8.4 has D:\jsdev\fev\node_modules as its parent node_modules
418 verbose linkBins webpack-merge@0.8.4
419 verbose linkMans webpack-merge@0.8.4
420 verbose rebuildBundles webpack-merge@0.8.4
421 verbose rebuildBundles [ 'lodash.find', 'lodash.isplainobject', 'lodash.merge' ]
422 info install webpack-merge@0.8.4
423 info postinstall webpack-merge@0.8.4
424 info install fev@0.0.0
425 info postinstall fev@0.0.0
426 verbose unsafe-perm in lifecycle true
427 info fev@0.0.0 Failed to exec postinstall script
428 verbose stack Error: fev@0.0.0 postinstall: `typings install`
428 verbose stack Exit status 1
428 verbose stack     at EventEmitter.<anonymous> (C:\Program Files\nodejs\node_modules\npm\lib\utils\lifecycle.js:214:16)
428 verbose stack     at emitTwo (events.js:87:13)
428 verbose stack     at EventEmitter.emit (events.js:172:7)
428 verbose stack     at ChildProcess.<anonymous> (C:\Program Files\nodejs\node_modules\npm\lib\utils\spawn.js:24:14)
428 verbose stack     at emitTwo (events.js:87:13)
428 verbose stack     at ChildProcess.emit (events.js:172:7)
428 verbose stack     at maybeClose (internal/child_process.js:818:16)
428 verbose stack     at Process.ChildProcess._handle.onexit (internal/child_process.js:211:5)
429 verbose pkgid fev@0.0.0
430 verbose cwd D:\jsdev\fev
431 error Windows_NT 6.1.7601
432 error argv "C:\\Program Files\\nodejs\\node.exe" "C:\\Program Files\\nodejs\\node_modules\\npm\\bin\\npm-cli.js" "install"
433 error node v4.2.1
434 error npm  v2.14.7
435 error code ELIFECYCLE
436 error fev@0.0.0 postinstall: `typings install`
436 error Exit status 1
437 error Failed at the fev@0.0.0 postinstall script 'typings install'.
437 error This is most likely a problem with the fev package,
437 error not with npm itself.
437 error Tell the author that this fails on your system:
437 error     typings install
437 error You can get their info via:
437 error     npm owner ls fev
437 error There is likely additional logging output above.
438 verbose exit [ 1, true ]
